<?xml version="1.0" encoding="UTF-8"?>
<testsuite xmlns:xsi="http://www.w3.org/2001/XMLSchema-instance" xsi:noNamespaceSchemaLocation="https://maven.apache.org/surefire/maven-surefire-plugin/xsd/surefire-test-report.xsd" version="3.0.2" name="com.ies.Jenkins1stApplicationTests" time="3.386" tests="1" errors="0" skipped="0" failures="0">
  <properties>
[...]
</properties>
  <testcase name="contextLoads" classname="com.ies.Jenkins1stApplicationTests" time="0.867">
    <system-out><![CDATA[14:18:29.895 [main] INFO org.springframework.test.context.support.AnnotationConfigContextLoaderUtils -- Could not detect default configuration classes for test class [com.ies.Jenkins1stApplicationTests]: Jenkins1stApplicationTests does not declare any static, non-private, non-final, nested classes annotated with @Configuration.
14:18:30.053 [main] INFO org.springframework.boot.test.context.SpringBootTestContextBootstrapper -- Found @SpringBootConfiguration com.ies.Jenkins1stApplication for test class com.ies.Jenkins1stApplicationTests
14:18:30.286 [main] INFO org.springframework.boot.devtools.restart.RestartApplicationListener -- Restart disabled due to context in which it is running

  .   ____          _            __ _ _
 /\\ / ___'_ __ _ _(_)_ __  __ _ \ \ \ \
( ( )\___ | '_ | '_| | '_ \/ _` | \ \ \ \
 \\/  ___)| |_)| | | | | || (_| |  ) ) ) )
  '  |____| .__|_| |_|_| |_\__, | / / / /
 =========|_|==============|___/=/_/_/_/

 :: Spring Boot ::                (v3.4.1)

2025-01-15T14:18:30.629+05:30  INFO 7796 --- [Jenkins_1st] [           main] com.ies.Jenkins1stApplicationTests       : Starting Jenkins1stApplicationTests using Java 17.0.12 with PID 7796 (started by LENOVO in C:\Users\LENOVO\git\Jenkins)
2025-01-15T14:18:30.631+05:30  INFO 7796 --- [Jenkins_1st] [           main] com.ies.Jenkins1stApplicationTests       : No active profile set, falling back to 1 default profile: "default"
2025-01-15T14:18:32.162+05:30  INFO 7796 --- [Jenkins_1st] [           main] com.ies.Jenkins1stApplicationTests       : Started Jenkins1stApplicationTests in 1.891 seconds (process running for 3.388)
]]></system-out>
  </testcase>
</testsuite>